<?xml version="1.0" encoding="UTF-8"?>
<testng-results ignored="0" total="1" passed="1" failed="0" skipped="0">
  <reporter-output>
  </reporter-output>
  <suite started-at="2024-05-26T17:45:10 EEST" name="Surefire suite" finished-at="2024-05-26T17:45:26 EEST" duration-ms="15354">
    <groups>
    </groups>
    <test started-at="2024-05-26T17:45:10 EEST" name="Surefire test" finished-at="2024-05-26T17:45:26 EEST" duration-ms="15354">
      <class name="Android.APP.AppTest">
        <test-method is-config="true" signature="setUp()[pri:0, instance:Android.APP.AppTest@48524010]" started-at="2024-05-26T17:45:10 EEST" name="setUp" finished-at="2024-05-26T17:45:25 EEST" duration-ms="14562" status="PASS">
          <reporter-output>
          </reporter-output>
        </test-method> <!-- setUp -->
        <test-method signature="testApp()[pri:0, instance:Android.APP.AppTest@48524010]" started-at="2024-05-26T17:45:25 EEST" name="testApp" finished-at="2024-05-26T17:45:25 EEST" duration-ms="21" status="PASS">
          <reporter-output>
          </reporter-output>
        </test-method> <!-- testApp -->
        <test-method is-config="true" signature="tearDown()[pri:0, instance:Android.APP.AppTest@48524010]" started-at="2024-05-26T17:45:25 EEST" name="tearDown" finished-at="2024-05-26T17:45:26 EEST" duration-ms="706" status="PASS">
          <reporter-output>
          </reporter-output>
        </test-method> <!-- tearDown -->
      </class> <!-- Android.APP.AppTest -->
    </test> <!-- Surefire test -->
  </suite> <!-- Surefire suite -->
</testng-results>
