<?xml version="1.0" encoding="UTF-8"?>
<testng-results ignored="0" total="1" passed="1" failed="0" skipped="0">
  <reporter-output>
  </reporter-output>
  <suite started-at="2024-05-27T17:42:59 EEST" name="Default suite" finished-at="2024-05-27T17:43:19 EEST" duration-ms="19893">
    <groups>
    </groups>
    <test started-at="2024-05-27T17:42:59 EEST" name="Default test" finished-at="2024-05-27T17:43:19 EEST" duration-ms="19893">
      <class name="Android.APP.tests.AdditionTest">
        <test-method is-config="true" signature="setUp()[pri:0, instance:Android.APP.tests.AdditionTest@59662a0b]" started-at="2024-05-27T17:42:59 EEST" name="setUp" finished-at="2024-05-27T17:43:15 EEST" duration-ms="15910" status="PASS">
          <reporter-output>
          </reporter-output>
        </test-method> <!-- setUp -->
        <test-method signature="testAddition()[pri:0, instance:Android.APP.tests.AdditionTest@59662a0b]" started-at="2024-05-27T17:43:15 EEST" name="testAddition" finished-at="2024-05-27T17:43:18 EEST" duration-ms="3116" status="PASS">
          <reporter-output>
          </reporter-output>
        </test-method> <!-- testAddition -->
        <test-method is-config="true" signature="tearDown()[pri:0, instance:Android.APP.tests.AdditionTest@59662a0b]" started-at="2024-05-27T17:43:18 EEST" name="tearDown" finished-at="2024-05-27T17:43:19 EEST" duration-ms="799" status="PASS">
          <reporter-output>
          </reporter-output>
        </test-method> <!-- tearDown -->
      </class> <!-- Android.APP.tests.AdditionTest -->
    </test> <!-- Default test -->
  </suite> <!-- Default suite -->
</testng-results>
