<?xml version="1.0" encoding="UTF-8"?>
<!-- Generated by org.testng.reporters.JUnitXMLReporter -->
<testsuite ignored="0" hostname="DESKTOP-GQ9J60K" failures="0" tests="5" name="Default test" time="81.726" errors="0" timestamp="2024-05-27T20:55:08 EEST">
  <testcase classname="Android.APP.tests.AdditionTest" name="testAddition" time="3.2"/>
  <testcase classname="Android.APP.tests.MultiplicationTest" name="testMultiplication" time="3.341"/>
  <testcase classname="Android.APP.tests.DivisionTest" name="testDivision" time="3.307"/>
  <testcase classname="Android.APP.tests.PercentageTest" name="testPercentage" time="3.901"/>
  <testcase classname="Android.APP.tests.SubtractionTest" name="testSubtraction" time="3.3"/>
</testsuite> <!-- Default test -->
